<?xml version="1.0" encoding="UTF-8"?>
<!-- Generated by org.testng.reporters.JUnitReportReporter -->
<testsuite hostname="sureshsir-PC" name="com.primusbank.tests.AdminLoginTest" tests="1" failures="0" timestamp="9 Mar 2017 06:36:31 GMT" time="1.440" errors="0">
  <testcase name="adminLoginTest" time="1.440" classname="com.primusbank.tests.AdminLoginTest"/>
</testsuite> <!-- com.primusbank.tests.AdminLoginTest -->
