<?xml version="1.0" encoding="UTF-8"?>
<!-- Generated by org.testng.reporters.JUnitReportReporter -->
<testsuite hostname="sureshsir-PC" name="com.primusbank.tests.BankerLoginTest" tests="1" failures="0" timestamp="9 Mar 2017 06:36:31 GMT" time="1.114" errors="0">
  <testcase name="bankerLoignTest" time="1.114" classname="com.primusbank.tests.BankerLoginTest"/>
</testsuite> <!-- com.primusbank.tests.BankerLoginTest -->
