<?xml version="1.0" encoding="UTF-8"?>
<!-- Generated by org.testng.reporters.JUnitReportReporter -->
<testsuite hostname="sureshsir-PC" name="com.primusbank.tests.ChildClass" tests="1" failures="0" timestamp="8 Mar 2017 03:03:53 GMT" time="0.018" errors="0">
  <testcase name="test" time="0.018" classname="com.primusbank.tests.ChildClass"/>
</testsuite> <!-- com.primusbank.tests.ChildClass -->
