<?xml version="1.0" encoding="UTF-8"?>
<!-- Generated by org.testng.reporters.JUnitReportReporter -->
<testsuite hostname="sureshsir-PC" name="com.primusbank.tests.CustomerLoginTest" tests="1" failures="0" timestamp="9 Mar 2017 06:36:31 GMT" time="0.964" errors="0">
  <testcase name="customerLoginTest" time="0.964" classname="com.primusbank.tests.CustomerLoginTest"/>
</testsuite> <!-- com.primusbank.tests.CustomerLoginTest -->
