<?xml version="1.0" encoding="UTF-8"?>
<!-- Generated by org.testng.reporters.JUnitReportReporter -->
<testsuite hostname="sureshsir-PC" name="com.primusbank.tests.NewBranchCreationTest" tests="1" failures="0" timestamp="10 Mar 2017 03:46:19 GMT" time="17.711" errors="0">
  <testcase name="createBranchTest" time="17.711" classname="com.primusbank.tests.NewBranchCreationTest"/>
</testsuite> <!-- com.primusbank.tests.NewBranchCreationTest -->
